<?xml version="1.0" encoding="UTF-8"?>
<testng-results ignored="0" total="3" passed="3" failed="0" skipped="0">
  <reporter-output>
  </reporter-output>
  <suite started-at="2023-11-04T15:25:54 IST" name="Failed suite [Default suite]" finished-at="2023-11-04T15:26:03 IST" duration-ms="8545">
    <groups>
      <group name="FT">
        <method signature="DWS_Login_01_Test.Login_to_application_with_valid_credential(java.lang.String,java.lang.String)[pri:0, instance:Home.DWS_Login_01_Test@56620197]" name="Login_to_application_with_valid_credential" class="Home.DWS_Login_01_Test"/>
      </group> <!-- FT -->
    </groups>
    <test started-at="2023-11-04T15:25:54 IST" name="Default test(failed)" finished-at="2023-11-04T15:26:03 IST" duration-ms="8545">
      <class name="Home.DWS_Login_01_Test">
        <test-method is-config="true" signature="LaumchingBrowsertoApplication()[pri:0, instance:Home.DWS_Login_01_Test@56620197]" started-at="2023-11-04T15:25:55 IST" name="LaumchingBrowsertoApplication" finished-at="2023-11-04T15:25:59 IST" duration-ms="4265" status="PASS">
          <reporter-output>
          </reporter-output>
        </test-method> <!-- LaumchingBrowsertoApplication -->
        <test-method is-config="true" signature="loginToApplication()[pri:0, instance:Home.DWS_Login_01_Test@56620197]" started-at="2023-11-04T15:26:00 IST" name="loginToApplication" finished-at="2023-11-04T15:26:00 IST" duration-ms="0" status="PASS">
          <reporter-output>
          </reporter-output>
        </test-method> <!-- loginToApplication -->
        <test-method signature="Login_to_application_with_valid_credential(java.lang.String,java.lang.String)[pri:0, instance:Home.DWS_Login_01_Test@56620197]" started-at="2023-11-04T15:26:00 IST" name="Login_to_application_with_valid_credential" data-provider="data" finished-at="2023-11-04T15:26:00 IST" duration-ms="802" status="PASS">
          <params>
            <param index="0">
              <value>
                <![CDATA[Email]]>
              </value>
            </param>
            <param index="1">
              <value>
                <![CDATA[Password]]>
              </value>
            </param>
          </params>
          <reporter-output>
          </reporter-output>
        </test-method> <!-- Login_to_application_with_valid_credential -->
        <test-method is-config="true" signature="logoutToApplication()[pri:0, instance:Home.DWS_Login_01_Test@56620197]" started-at="2023-11-04T15:26:00 IST" name="logoutToApplication" finished-at="2023-11-04T15:26:00 IST" duration-ms="1" status="PASS">
          <reporter-output>
          </reporter-output>
        </test-method> <!-- logoutToApplication -->
        <test-method signature="Login_to_application_with_valid_credential(java.lang.String,java.lang.String)[pri:0, instance:Home.DWS_Login_01_Test@56620197]" started-at="2023-11-04T15:26:00 IST" name="Login_to_application_with_valid_credential" data-provider="data" finished-at="2023-11-04T15:26:01 IST" duration-ms="1027" status="PASS">
          <params>
            <param index="0">
              <value>
                <![CDATA[dmohan9344@gmail.com]]>
              </value>
            </param>
            <param index="1">
              <value>
                <![CDATA[Mohan9344@]]>
              </value>
            </param>
          </params>
          <reporter-output>
          </reporter-output>
        </test-method> <!-- Login_to_application_with_valid_credential -->
        <test-method is-config="true" signature="loginToApplication()[pri:0, instance:Home.DWS_Login_01_Test@56620197]" started-at="2023-11-04T15:26:00 IST" name="loginToApplication" finished-at="2023-11-04T15:26:00 IST" duration-ms="0" status="PASS">
          <reporter-output>
          </reporter-output>
        </test-method> <!-- loginToApplication -->
        <test-method is-config="true" signature="logoutToApplication()[pri:0, instance:Home.DWS_Login_01_Test@56620197]" started-at="2023-11-04T15:26:01 IST" name="logoutToApplication" finished-at="2023-11-04T15:26:01 IST" duration-ms="1" status="PASS">
          <reporter-output>
          </reporter-output>
        </test-method> <!-- logoutToApplication -->
        <test-method is-config="true" signature="loginToApplication()[pri:0, instance:Home.DWS_Login_01_Test@56620197]" started-at="2023-11-04T15:26:01 IST" name="loginToApplication" finished-at="2023-11-04T15:26:01 IST" duration-ms="1" status="PASS">
          <reporter-output>
          </reporter-output>
        </test-method> <!-- loginToApplication -->
        <test-method signature="Login_to_application_with_valid_credential(java.lang.String,java.lang.String)[pri:0, instance:Home.DWS_Login_01_Test@56620197]" started-at="2023-11-04T15:26:01 IST" name="Login_to_application_with_valid_credential" data-provider="data" finished-at="2023-11-04T15:26:03 IST" duration-ms="1192" status="PASS">
          <params>
            <param index="0">
              <value>
                <![CDATA[dmohan9655@gmail.com]]>
              </value>
            </param>
            <param index="1">
              <value>
                <![CDATA[Mohan9344@]]>
              </value>
            </param>
          </params>
          <reporter-output>
          </reporter-output>
        </test-method> <!-- Login_to_application_with_valid_credential -->
        <test-method is-config="true" signature="logoutToApplication()[pri:0, instance:Home.DWS_Login_01_Test@56620197]" started-at="2023-11-04T15:26:03 IST" name="logoutToApplication" finished-at="2023-11-04T15:26:03 IST" duration-ms="1" status="PASS">
          <reporter-output>
          </reporter-output>
        </test-method> <!-- logoutToApplication -->
        <test-method is-config="true" signature="teardownTheBrowser()[pri:0, instance:Home.DWS_Login_01_Test@56620197]" started-at="2023-11-04T15:26:03 IST" name="teardownTheBrowser" finished-at="2023-11-04T15:26:03 IST" duration-ms="200" status="PASS">
          <reporter-output>
          </reporter-output>
        </test-method> <!-- teardownTheBrowser -->
      </class> <!-- Home.DWS_Login_01_Test -->
    </test> <!-- Default test(failed) -->
  </suite> <!-- Failed suite [Default suite] -->
</testng-results>
