<?xml version="1.0" encoding="UTF-8"?>
<!-- Generated by org.testng.reporters.JUnitXMLReporter -->
<testsuite ignored="3" hostname="MK-Mozhi" failures="0" tests="1" name="Test" time="9.134" errors="0" timestamp="2023-11-02T15:03:45 IST">
  <testcase classname="frameWorkCheck.DWS_Jewelry_AddtoWishlist_09_Test" name="wishlist" time="3.576"/>
  <testcase classname="frameWorkCheck.DWS_AddtoCartBook_04_test" name="Book_Addtocart" time="0.0">
    <ignored/>
  </testcase> <!-- Book_Addtocart -->
  <testcase classname="frameWorkCheck.DWS_Coumputer_05_Test" name="CompareTwoProduct" time="0.0">
    <ignored/>
  </testcase> <!-- CompareTwoProduct -->
  <testcase classname="frameWorkCheck.DWS_AddtoCart_03_Test" name="Add_Product_to_AddToCart" time="0.0">
    <ignored/>
  </testcase> <!-- Add_Product_to_AddToCart -->
</testsuite> <!-- Test -->
