<?xml version="1.0" encoding="UTF-8"?>
<!-- Generated by org.testng.reporters.JUnitXMLReporter -->
<testsuite ignored="0" hostname="MK-Mozhi" failures="0" tests="3" name="Default test(failed)" time="8.545" errors="0" timestamp="2023-11-04T15:26:03 IST">
  <testcase classname="Home.DWS_Login_01_Test" name="Login_to_application_with_valid_credential" time="0.802"/>
  <testcase classname="Home.DWS_Login_01_Test" name="Login_to_application_with_valid_credential" time="1.027"/>
  <testcase classname="Home.DWS_Login_01_Test" name="Login_to_application_with_valid_credential" time="1.192"/>
</testsuite> <!-- Default test(failed) -->
